<?xml version="1.0" encoding="UTF-8"?>
<testsuite xmlns:xsi="http://www.w3.org/2001/XMLSchema-instance" xsi:noNamespaceSchemaLocation="https://maven.apache.org/surefire/maven-surefire-plugin/xsd/surefire-test-report.xsd" name="com.rest.test.AppTest" time="0.025" tests="1" errors="0" skipped="0" failures="0">
  <properties>
    <property name="java.specification.version" value="13"/>
    <property name="sun.jnu.encoding" value="UTF-8"/>
    <property name="java.class.path" value="/Users/romankhabarov/Documents/testt/test-project/target/test-classes:/Users/romankhabarov/Documents/testt/test-project/target/classes:/Users/romankhabarov/.m2/repository/junit/junit/4.11/junit-4.11.jar:/Users/romankhabarov/.m2/repository/org/hamcrest/hamcrest-core/1.3/hamcrest-core-1.3.jar:/Users/romankhabarov/.m2/repository/com/sun/jersey/jersey-server/1.18.1/jersey-server-1.18.1.jar:/Users/romankhabarov/.m2/repository/com/sun/jersey/jersey-core/1.18.1/jersey-core-1.18.1.jar:/Users/romankhabarov/.m2/repository/javax/ws/rs/javax.ws.rs-api/2.0/javax.ws.rs-api-2.0.jar:/Users/romankhabarov/.m2/repository/org/eclipse/jetty/jetty-runner/9.4.4.v20170414/jetty-runner-9.4.4.v20170414.jar:/Users/romankhabarov/.m2/repository/org/eclipse/jetty/jetty-plus/9.4.4.v20170414/jetty-plus-9.4.4.v20170414.jar:/Users/romankhabarov/.m2/repository/org/eclipse/jetty/jetty-webapp/9.4.4.v20170414/jetty-webapp-9.4.4.v20170414.jar:/Users/romankhabarov/.m2/repository/org/eclipse/jetty/jetty-xml/9.4.4.v20170414/jetty-xml-9.4.4.v20170414.jar:/Users/romankhabarov/.m2/repository/org/eclipse/jetty/jetty-annotations/9.4.4.v20170414/jetty-annotations-9.4.4.v20170414.jar:/Users/romankhabarov/.m2/repository/org/ow2/asm/asm/5.1/asm-5.1.jar:/Users/romankhabarov/.m2/repository/org/ow2/asm/asm-commons/5.1/asm-commons-5.1.jar:/Users/romankhabarov/.m2/repository/org/ow2/asm/asm-tree/5.1/asm-tree-5.1.jar:/Users/romankhabarov/.m2/repository/org/eclipse/jetty/jetty-jaas/9.4.4.v20170414/jetty-jaas-9.4.4.v20170414.jar:/Users/romankhabarov/.m2/repository/org/eclipse/jetty/websocket/websocket-server/9.4.4.v20170414/websocket-server-9.4.4.v20170414.jar:/Users/romankhabarov/.m2/repository/org/eclipse/jetty/websocket/websocket-common/9.4.4.v20170414/websocket-common-9.4.4.v20170414.jar:/Users/romankhabarov/.m2/repository/org/eclipse/jetty/websocket/websocket-api/9.4.4.v20170414/websocket-api-9.4.4.v20170414.jar:/Users/romankhabarov/.m2/repository/org/eclipse/jetty/websocket/websocket-client/9.4.4.v20170414/websocket-client-9.4.4.v20170414.jar:/Users/romankhabarov/.m2/repository/org/eclipse/jetty/jetty-client/9.4.4.v20170414/jetty-client-9.4.4.v20170414.jar:/Users/romankhabarov/.m2/repository/org/eclipse/jetty/websocket/websocket-servlet/9.4.4.v20170414/websocket-servlet-9.4.4.v20170414.jar:/Users/romankhabarov/.m2/repository/org/eclipse/jetty/jetty-jndi/9.4.4.v20170414/jetty-jndi-9.4.4.v20170414.jar:/Users/romankhabarov/.m2/repository/org/eclipse/jetty/jetty-util/9.4.4.v20170414/jetty-util-9.4.4.v20170414.jar:/Users/romankhabarov/.m2/repository/org/eclipse/jetty/apache-jsp/9.4.4.v20170414/apache-jsp-9.4.4.v20170414.jar:/Users/romankhabarov/.m2/repository/org/eclipse/jetty/toolchain/jetty-schemas/3.1/jetty-schemas-3.1.jar:/Users/romankhabarov/.m2/repository/org/mortbay/jasper/apache-jsp/8.5.9.1/apache-jsp-8.5.9.1.jar:/Users/romankhabarov/.m2/repository/org/mortbay/jasper/apache-el/8.5.9.1/apache-el-8.5.9.1.jar:/Users/romankhabarov/.m2/repository/org/eclipse/jdt/core/compiler/ecj/4.4.2/ecj-4.4.2.jar:/Users/romankhabarov/.m2/repository/org/eclipse/jetty/apache-jstl/9.4.4.v20170414/apache-jstl-9.4.4.v20170414.jar:/Users/romankhabarov/.m2/repository/org/apache/taglibs/taglibs-standard-spec/1.2.5/taglibs-standard-spec-1.2.5.jar:/Users/romankhabarov/.m2/repository/org/apache/taglibs/taglibs-standard-impl/1.2.5/taglibs-standard-impl-1.2.5.jar:/Users/romankhabarov/.m2/repository/org/eclipse/jetty/jetty-server/9.2.3.v20140905/jetty-server-9.2.3.v20140905.jar:/Users/romankhabarov/.m2/repository/javax/servlet/javax.servlet-api/3.1.0/javax.servlet-api-3.1.0.jar:/Users/romankhabarov/.m2/repository/org/eclipse/jetty/jetty-http/9.2.3.v20140905/jetty-http-9.2.3.v20140905.jar:/Users/romankhabarov/.m2/repository/org/eclipse/jetty/jetty-io/9.2.3.v20140905/jetty-io-9.2.3.v20140905.jar:/Users/romankhabarov/.m2/repository/org/eclipse/jetty/jetty-servlet/9.2.3.v20140905/jetty-servlet-9.2.3.v20140905.jar:/Users/romankhabarov/.m2/repository/org/eclipse/jetty/jetty-security/9.2.3.v20140905/jetty-security-9.2.3.v20140905.jar:/Users/romankhabarov/.m2/repository/org/glassfish/jersey/core/jersey-server/2.7/jersey-server-2.7.jar:/Users/romankhabarov/.m2/repository/org/glassfish/jersey/core/jersey-common/2.7/jersey-common-2.7.jar:/Users/romankhabarov/.m2/repository/org/glassfish/jersey/bundles/repackaged/jersey-guava/2.7/jersey-guava-2.7.jar:/Users/romankhabarov/.m2/repository/org/glassfish/hk2/osgi-resource-locator/1.0.1/osgi-resource-locator-1.0.1.jar:/Users/romankhabarov/.m2/repository/org/glassfish/jersey/core/jersey-client/2.7/jersey-client-2.7.jar:/Users/romankhabarov/.m2/repository/javax/annotation/javax.annotation-api/1.2/javax.annotation-api-1.2.jar:/Users/romankhabarov/.m2/repository/org/glassfish/hk2/hk2-api/2.2.0/hk2-api-2.2.0.jar:/Users/romankhabarov/.m2/repository/org/glassfish/hk2/hk2-utils/2.2.0/hk2-utils-2.2.0.jar:/Users/romankhabarov/.m2/repository/org/glassfish/hk2/external/aopalliance-repackaged/2.2.0/aopalliance-repackaged-2.2.0.jar:/Users/romankhabarov/.m2/repository/org/glassfish/hk2/external/javax.inject/2.2.0/javax.inject-2.2.0.jar:/Users/romankhabarov/.m2/repository/org/glassfish/hk2/hk2-locator/2.2.0/hk2-locator-2.2.0.jar:/Users/romankhabarov/.m2/repository/org/javassist/javassist/3.18.1-GA/javassist-3.18.1-GA.jar:/Users/romankhabarov/.m2/repository/javax/validation/validation-api/1.1.0.Final/validation-api-1.1.0.Final.jar:/Users/romankhabarov/.m2/repository/org/glassfish/jersey/containers/jersey-container-servlet-core/2.7/jersey-container-servlet-core-2.7.jar:/Users/romankhabarov/.m2/repository/org/glassfish/jersey/containers/jersey-container-jetty-http/2.7/jersey-container-jetty-http-2.7.jar:/Users/romankhabarov/.m2/repository/org/eclipse/jetty/jetty-continuation/9.1.1.v20140108/jetty-continuation-9.1.1.v20140108.jar:/Users/romankhabarov/.m2/repository/org/glassfish/jersey/media/jersey-media-moxy/2.7/jersey-media-moxy-2.7.jar:/Users/romankhabarov/.m2/repository/org/glassfish/jersey/ext/jersey-entity-filtering/2.7/jersey-entity-filtering-2.7.jar:/Users/romankhabarov/.m2/repository/org/eclipse/persistence/org.eclipse.persistence.moxy/2.5.0/org.eclipse.persistence.moxy-2.5.0.jar:/Users/romankhabarov/.m2/repository/org/eclipse/persistence/org.eclipse.persistence.core/2.5.0/org.eclipse.persistence.core-2.5.0.jar:/Users/romankhabarov/.m2/repository/org/eclipse/persistence/org.eclipse.persistence.asm/2.5.0/org.eclipse.persistence.asm-2.5.0.jar:/Users/romankhabarov/.m2/repository/org/eclipse/persistence/org.eclipse.persistence.antlr/2.5.0/org.eclipse.persistence.antlr-2.5.0.jar:"/>
    <property name="java.vm.vendor" value="Oracle Corporation"/>
    <property name="sun.arch.data.model" value="64"/>
    <property name="java.vendor.url" value="https://java.oracle.com/"/>
    <property name="os.name" value="Mac OS X"/>
    <property name="java.vm.specification.version" value="13"/>
    <property name="sun.java.launcher" value="SUN_STANDARD"/>
    <property name="user.country" value="RU"/>
    <property name="sun.boot.library.path" value="/Library/Java/JavaVirtualMachines/jdk-13.0.1.jdk/Contents/Home/lib"/>
    <property name="sun.java.command" value="/Users/romankhabarov/Documents/testt/test-project/target/surefire/surefirebooter16161517417698922374.jar /Users/romankhabarov/Documents/testt/test-project/target/surefire 2021-05-24T16-33-01_321-jvmRun1 surefire15600325209022597264tmp surefire_018245122160019142558tmp"/>
    <property name="jdk.debug" value="release"/>
    <property name="surefire.test.class.path" value="/Users/romankhabarov/Documents/testt/test-project/target/test-classes:/Users/romankhabarov/Documents/testt/test-project/target/classes:/Users/romankhabarov/.m2/repository/junit/junit/4.11/junit-4.11.jar:/Users/romankhabarov/.m2/repository/org/hamcrest/hamcrest-core/1.3/hamcrest-core-1.3.jar:/Users/romankhabarov/.m2/repository/com/sun/jersey/jersey-server/1.18.1/jersey-server-1.18.1.jar:/Users/romankhabarov/.m2/repository/com/sun/jersey/jersey-core/1.18.1/jersey-core-1.18.1.jar:/Users/romankhabarov/.m2/repository/javax/ws/rs/javax.ws.rs-api/2.0/javax.ws.rs-api-2.0.jar:/Users/romankhabarov/.m2/repository/org/eclipse/jetty/jetty-runner/9.4.4.v20170414/jetty-runner-9.4.4.v20170414.jar:/Users/romankhabarov/.m2/repository/org/eclipse/jetty/jetty-plus/9.4.4.v20170414/jetty-plus-9.4.4.v20170414.jar:/Users/romankhabarov/.m2/repository/org/eclipse/jetty/jetty-webapp/9.4.4.v20170414/jetty-webapp-9.4.4.v20170414.jar:/Users/romankhabarov/.m2/repository/org/eclipse/jetty/jetty-xml/9.4.4.v20170414/jetty-xml-9.4.4.v20170414.jar:/Users/romankhabarov/.m2/repository/org/eclipse/jetty/jetty-annotations/9.4.4.v20170414/jetty-annotations-9.4.4.v20170414.jar:/Users/romankhabarov/.m2/repository/org/ow2/asm/asm/5.1/asm-5.1.jar:/Users/romankhabarov/.m2/repository/org/ow2/asm/asm-commons/5.1/asm-commons-5.1.jar:/Users/romankhabarov/.m2/repository/org/ow2/asm/asm-tree/5.1/asm-tree-5.1.jar:/Users/romankhabarov/.m2/repository/org/eclipse/jetty/jetty-jaas/9.4.4.v20170414/jetty-jaas-9.4.4.v20170414.jar:/Users/romankhabarov/.m2/repository/org/eclipse/jetty/websocket/websocket-server/9.4.4.v20170414/websocket-server-9.4.4.v20170414.jar:/Users/romankhabarov/.m2/repository/org/eclipse/jetty/websocket/websocket-common/9.4.4.v20170414/websocket-common-9.4.4.v20170414.jar:/Users/romankhabarov/.m2/repository/org/eclipse/jetty/websocket/websocket-api/9.4.4.v20170414/websocket-api-9.4.4.v20170414.jar:/Users/romankhabarov/.m2/repository/org/eclipse/jetty/websocket/websocket-client/9.4.4.v20170414/websocket-client-9.4.4.v20170414.jar:/Users/romankhabarov/.m2/repository/org/eclipse/jetty/jetty-client/9.4.4.v20170414/jetty-client-9.4.4.v20170414.jar:/Users/romankhabarov/.m2/repository/org/eclipse/jetty/websocket/websocket-servlet/9.4.4.v20170414/websocket-servlet-9.4.4.v20170414.jar:/Users/romankhabarov/.m2/repository/org/eclipse/jetty/jetty-jndi/9.4.4.v20170414/jetty-jndi-9.4.4.v20170414.jar:/Users/romankhabarov/.m2/repository/org/eclipse/jetty/jetty-util/9.4.4.v20170414/jetty-util-9.4.4.v20170414.jar:/Users/romankhabarov/.m2/repository/org/eclipse/jetty/apache-jsp/9.4.4.v20170414/apache-jsp-9.4.4.v20170414.jar:/Users/romankhabarov/.m2/repository/org/eclipse/jetty/toolchain/jetty-schemas/3.1/jetty-schemas-3.1.jar:/Users/romankhabarov/.m2/repository/org/mortbay/jasper/apache-jsp/8.5.9.1/apache-jsp-8.5.9.1.jar:/Users/romankhabarov/.m2/repository/org/mortbay/jasper/apache-el/8.5.9.1/apache-el-8.5.9.1.jar:/Users/romankhabarov/.m2/repository/org/eclipse/jdt/core/compiler/ecj/4.4.2/ecj-4.4.2.jar:/Users/romankhabarov/.m2/repository/org/eclipse/jetty/apache-jstl/9.4.4.v20170414/apache-jstl-9.4.4.v20170414.jar:/Users/romankhabarov/.m2/repository/org/apache/taglibs/taglibs-standard-spec/1.2.5/taglibs-standard-spec-1.2.5.jar:/Users/romankhabarov/.m2/repository/org/apache/taglibs/taglibs-standard-impl/1.2.5/taglibs-standard-impl-1.2.5.jar:/Users/romankhabarov/.m2/repository/org/eclipse/jetty/jetty-server/9.2.3.v20140905/jetty-server-9.2.3.v20140905.jar:/Users/romankhabarov/.m2/repository/javax/servlet/javax.servlet-api/3.1.0/javax.servlet-api-3.1.0.jar:/Users/romankhabarov/.m2/repository/org/eclipse/jetty/jetty-http/9.2.3.v20140905/jetty-http-9.2.3.v20140905.jar:/Users/romankhabarov/.m2/repository/org/eclipse/jetty/jetty-io/9.2.3.v20140905/jetty-io-9.2.3.v20140905.jar:/Users/romankhabarov/.m2/repository/org/eclipse/jetty/jetty-servlet/9.2.3.v20140905/jetty-servlet-9.2.3.v20140905.jar:/Users/romankhabarov/.m2/repository/org/eclipse/jetty/jetty-security/9.2.3.v20140905/jetty-security-9.2.3.v20140905.jar:/Users/romankhabarov/.m2/repository/org/glassfish/jersey/core/jersey-server/2.7/jersey-server-2.7.jar:/Users/romankhabarov/.m2/repository/org/glassfish/jersey/core/jersey-common/2.7/jersey-common-2.7.jar:/Users/romankhabarov/.m2/repository/org/glassfish/jersey/bundles/repackaged/jersey-guava/2.7/jersey-guava-2.7.jar:/Users/romankhabarov/.m2/repository/org/glassfish/hk2/osgi-resource-locator/1.0.1/osgi-resource-locator-1.0.1.jar:/Users/romankhabarov/.m2/repository/org/glassfish/jersey/core/jersey-client/2.7/jersey-client-2.7.jar:/Users/romankhabarov/.m2/repository/javax/annotation/javax.annotation-api/1.2/javax.annotation-api-1.2.jar:/Users/romankhabarov/.m2/repository/org/glassfish/hk2/hk2-api/2.2.0/hk2-api-2.2.0.jar:/Users/romankhabarov/.m2/repository/org/glassfish/hk2/hk2-utils/2.2.0/hk2-utils-2.2.0.jar:/Users/romankhabarov/.m2/repository/org/glassfish/hk2/external/aopalliance-repackaged/2.2.0/aopalliance-repackaged-2.2.0.jar:/Users/romankhabarov/.m2/repository/org/glassfish/hk2/external/javax.inject/2.2.0/javax.inject-2.2.0.jar:/Users/romankhabarov/.m2/repository/org/glassfish/hk2/hk2-locator/2.2.0/hk2-locator-2.2.0.jar:/Users/romankhabarov/.m2/repository/org/javassist/javassist/3.18.1-GA/javassist-3.18.1-GA.jar:/Users/romankhabarov/.m2/repository/javax/validation/validation-api/1.1.0.Final/validation-api-1.1.0.Final.jar:/Users/romankhabarov/.m2/repository/org/glassfish/jersey/containers/jersey-container-servlet-core/2.7/jersey-container-servlet-core-2.7.jar:/Users/romankhabarov/.m2/repository/org/glassfish/jersey/containers/jersey-container-jetty-http/2.7/jersey-container-jetty-http-2.7.jar:/Users/romankhabarov/.m2/repository/org/eclipse/jetty/jetty-continuation/9.1.1.v20140108/jetty-continuation-9.1.1.v20140108.jar:/Users/romankhabarov/.m2/repository/org/glassfish/jersey/media/jersey-media-moxy/2.7/jersey-media-moxy-2.7.jar:/Users/romankhabarov/.m2/repository/org/glassfish/jersey/ext/jersey-entity-filtering/2.7/jersey-entity-filtering-2.7.jar:/Users/romankhabarov/.m2/repository/org/eclipse/persistence/org.eclipse.persistence.moxy/2.5.0/org.eclipse.persistence.moxy-2.5.0.jar:/Users/romankhabarov/.m2/repository/org/eclipse/persistence/org.eclipse.persistence.core/2.5.0/org.eclipse.persistence.core-2.5.0.jar:/Users/romankhabarov/.m2/repository/org/eclipse/persistence/org.eclipse.persistence.asm/2.5.0/org.eclipse.persistence.asm-2.5.0.jar:/Users/romankhabarov/.m2/repository/org/eclipse/persistence/org.eclipse.persistence.antlr/2.5.0/org.eclipse.persistence.antlr-2.5.0.jar:"/>
    <property name="sun.cpu.endian" value="little"/>
    <property name="user.home" value="/Users/romankhabarov"/>
    <property name="user.language" value="en"/>
    <property name="java.specification.vendor" value="Oracle Corporation"/>
    <property name="java.version.date" value="2019-10-15"/>
    <property name="java.home" value="/Library/Java/JavaVirtualMachines/jdk-13.0.1.jdk/Contents/Home"/>
    <property name="file.separator" value="/"/>
    <property name="basedir" value="/Users/romankhabarov/Documents/testt/test-project"/>
    <property name="java.vm.compressedOopsMode" value="Zero based"/>
    <property name="line.separator" value="&#10;"/>
    <property name="java.vm.specification.vendor" value="Oracle Corporation"/>
    <property name="java.specification.name" value="Java Platform API Specification"/>
    <property name="surefire.real.class.path" value="/Users/romankhabarov/Documents/testt/test-project/target/surefire/surefirebooter16161517417698922374.jar"/>
    <property name="sun.management.compiler" value="HotSpot 64-Bit Tiered Compilers"/>
    <property name="java.runtime.version" value="13.0.1+9"/>
    <property name="user.name" value="romankhabarov"/>
    <property name="path.separator" value=":"/>
    <property name="os.version" value="10.16"/>
    <property name="java.runtime.name" value="Java(TM) SE Runtime Environment"/>
    <property name="file.encoding" value="UTF-8"/>
    <property name="java.vm.name" value="Java HotSpot(TM) 64-Bit Server VM"/>
    <property name="localRepository" value="/Users/romankhabarov/.m2/repository"/>
    <property name="java.vendor.url.bug" value="https://bugreport.java.com/bugreport/"/>
    <property name="java.io.tmpdir" value="/var/folders/pg/lv2j1kjs3mb347441sfmzv9h0000gn/T/"/>
    <property name="idea.version" value="2021.1.1"/>
    <property name="java.version" value="13.0.1"/>
    <property name="user.dir" value="/Users/romankhabarov/Documents/testt/test-project"/>
    <property name="os.arch" value="x86_64"/>
    <property name="java.vm.specification.name" value="Java Virtual Machine Specification"/>
    <property name="java.library.path" value="/Users/romankhabarov/Library/Java/Extensions:/Library/Java/Extensions:/Network/Library/Java/Extensions:/System/Library/Java/Extensions:/usr/lib/java:."/>
    <property name="java.vm.info" value="mixed mode, sharing"/>
    <property name="java.vendor" value="Oracle Corporation"/>
    <property name="java.vm.version" value="13.0.1+9"/>
    <property name="sun.io.unicode.encoding" value="UnicodeBig"/>
    <property name="java.class.version" value="57.0"/>
  </properties>
  <testcase name="shouldAnswerWithTrue" classname="com.rest.test.AppTest" time="0.002"/>
</testsuite>